base-feature/build/outputs/logs/manifest-merger-release-report.txt
-- Merging decision tree log ---
manifest
ADDED from src/main/AndroidManifest.xml:17:1-59:12
INJECTED from src/main/AndroidManifest.xml:17:1-59:12
INJECTED from src/main/AndroidManifest.xml:17:1-59:12
INJECTED from src/main/AndroidManifest.xml:17:1-59:12
INJECTED from src/main/AndroidManifest.xml:17:1-59:12
INJECTED from src/main/AndroidManifest.xml:17:1-59:12
INJECTED from src/main/AndroidManifest.xml:17:1-59:12
	package
		ADDED from src/main/AndroidManifest.xml:20:5-40
		INJECTED from src/main/AndroidManifest.xml
		INJECTED from src/main/AndroidManifest.xml
	android:versionName
		INJECTED from src/main/AndroidManifest.xml
		ADDED from src/main/AndroidManifest.xml:17:1-59:12
		INJECTED from src/main/AndroidManifest.xml
	xmlns:tools
		ADDED from src/main/AndroidManifest.xml:18:5-51
	android:versionCode
		INJECTED from src/main/AndroidManifest.xml
		ADDED from src/main/AndroidManifest.xml:17:1-59:12
		INJECTED from src/main/AndroidManifest.xml
	xmlns:android
		ADDED from src/main/AndroidManifest.xml:17:11-69
	android:targetSandboxVersion
		ADDED from src/main/AndroidManifest.xml:19:5-37
application
ADDED from src/main/AndroidManifest.xml:22:5-57:19
	android:screenOrientation
		ADDED from src/main/AndroidManifest.xml:26:9-45
	android:supportsRtl
		ADDED from src/main/AndroidManifest.xml:27:9-35
	android:label
		ADDED from src/main/AndroidManifest.xml:25:9-41
	android:icon
		ADDED from src/main/AndroidManifest.xml:24:9-45
	android:allowBackup
		ADDED from src/main/AndroidManifest.xml:23:9-35
	android:theme
		ADDED from src/main/AndroidManifest.xml:28:9-40
	tools:replace
		ADDED from src/main/AndroidManifest.xml:29:9-37
activity#com.example.billingsample.TrivialDriveActivity
ADDED from src/main/AndroidManifest.xml:30:9-56:20
	android:name
		ADDED from src/main/AndroidManifest.xml:30:19-80
meta-data#default-url
ADDED from src/main/AndroidManifest.xml:31:13-33:55
	android:value
		ADDED from src/main/AndroidManifest.xml:33:17-52
	android:name
		ADDED from src/main/AndroidManifest.xml:32:17-43
intent-filter#action:name:android.intent.action.MAIN+category:name:android.intent.category.DEFAULT+category:name:android.intent.category.LAUNCHER
ADDED from src/main/AndroidManifest.xml:34:13-38:29
action#android.intent.action.MAIN
ADDED from src/main/AndroidManifest.xml:35:17-69
	android:name
		ADDED from src/main/AndroidManifest.xml:35:25-66
category#android.intent.category.DEFAULT
ADDED from src/main/AndroidManifest.xml:36:17-76
	android:name
		ADDED from src/main/AndroidManifest.xml:36:27-73
category#android.intent.category.LAUNCHER
ADDED from src/main/AndroidManifest.xml:37:17-77
	android:name
		ADDED from src/main/AndroidManifest.xml:37:27-74
intent-filter#action:name:android.intent.action.VIEW+category:name:android.intent.category.BROWSABLE+category:name:android.intent.category.DEFAULT+data:host:example.com+data:host:example.com+data:scheme:http+data:scheme:https
ADDED from src/main/AndroidManifest.xml:39:13-55:29
	instant:order
		ADDED from src/main/AndroidManifest.xml:42:17-34
	android:autoVerify
		ADDED from src/main/AndroidManifest.xml:40:17-42
	xmlns:instant
		ADDED from src/main/AndroidManifest.xml:41:17-71
action#android.intent.action.VIEW
ADDED from src/main/AndroidManifest.xml:44:17-69
	android:name
		ADDED from src/main/AndroidManifest.xml:44:25-66
category#android.intent.category.BROWSABLE
ADDED from src/main/AndroidManifest.xml:47:17-78
	android:name
		ADDED from src/main/AndroidManifest.xml:47:27-75
data
ADDED from src/main/AndroidManifest.xml:49:17-51:50
	android:host
		ADDED from src/main/AndroidManifest.xml:51:21-47
	android:scheme
		ADDED from src/main/AndroidManifest.xml:50:21-42
uses-sdk
INJECTED from src/main/AndroidManifest.xml reason: use-sdk injection requested
INJECTED from src/main/AndroidManifest.xml
INJECTED from src/main/AndroidManifest.xml
INJECTED from src/main/AndroidManifest.xml
INJECTED from src/main/AndroidManifest.xml
	android:targetSdkVersion
		INJECTED from src/main/AndroidManifest.xml
		ADDED from src/main/AndroidManifest.xml
		INJECTED from src/main/AndroidManifest.xml
	android:minSdkVersion
		INJECTED from src/main/AndroidManifest.xml
		ADDED from src/main/AndroidManifest.xml
		INJECTED from src/main/AndroidManifest.xml